Using pre-set license
Built from '2020.2/release' branch; Version is '2020.2.2f1 (068178b99f32) revision 426360'; Using compiler version '192528614'; Build Type 'Release'
OS: 'Windows 10 Pro; OS build 19041.746; Version 2004; 64bit' Language: 'en' Physical Memory: 16317 MB
BatchMode: 1, IsHumanControllingUs: 0, StartBugReporterOnCrash: 0, Is64bit: 1, IsPro: 0

 COMMAND LINE ARGUMENTS:
C:\Program Files\Unity\Hub\Editor\2020.2.2f1\Editor\Unity.exe
-adb2
-batchMode
-noUpm
-name
AssetImportWorker0
-projectPath
C:/Users/G/Documents/GitHub/unity_workshop_scs_cgd_w2021/UnityWorkshopCGD2021
-logFile
Logs/AssetImportWorker0.log
-srvPort
50657
Successfully changed project path to: C:/Users/G/Documents/GitHub/unity_workshop_scs_cgd_w2021/UnityWorkshopCGD2021
C:/Users/G/Documents/GitHub/unity_workshop_scs_cgd_w2021/UnityWorkshopCGD2021
Using Asset Import Pipeline V2.
Refreshing native plugins compatible for Editor in 23.95 ms, found 0 plugins.
Preloading 0 native plugins for Editor in 0.00 ms.
Initialize engine version: 2020.2.2f1 (068178b99f32)
[Subsystems] Discovering subsystems at path C:/Program Files/Unity/Hub/Editor/2020.2.2f1/Editor/Data/Resources/UnitySubsystems
[Subsystems] Discovering subsystems at path C:/Users/G/Documents/GitHub/unity_workshop_scs_cgd_w2021/UnityWorkshopCGD2021/Assets
GfxDevice: creating device client; threaded=0
Direct3D:
    Version:  Direct3D 11.0 [level 11.1]
    Renderer: NVIDIA GeForce GTX 1060 6GB (ID=0x1c03)
    Vendor:   
    VRAM:     6052 MB
    Driver:   27.21.14.5730
Initialize mono
Mono path[0] = 'C:/Program Files/Unity/Hub/Editor/2020.2.2f1/Editor/Data/Managed'
Mono path[1] = 'C:/Program Files/Unity/Hub/Editor/2020.2.2f1/Editor/Data/MonoBleedingEdge/lib/mono/unityjit'
Mono config path = 'C:/Program Files/Unity/Hub/Editor/2020.2.2f1/Editor/Data/MonoBleedingEdge/etc'
Using monoOptions --debugger-agent=transport=dt_socket,embedding=1,server=y,suspend=n,address=127.0.0.1:56604
Begin MonoManager ReloadAssembly
Registering precompiled unity dll's ...
Register platform support module: C:/Program Files/Unity/Hub/Editor/2020.2.2f1/Editor/Data/PlaybackEngines/WebGLSupport/UnityEditor.WebGL.Extensions.dll
Register platform support module: C:/Program Files/Unity/Hub/Editor/2020.2.2f1/Editor/Data/PlaybackEngines/WindowsStandaloneSupport/UnityEditor.WindowsStandalone.Extensions.dll
Registered in 0.002086 seconds.
Native extension for WindowsStandalone target not found
Native extension for WebGL target not found
Refreshing native plugins compatible for Editor in 23.67 ms, found 0 plugins.
Preloading 0 native plugins for Editor in 0.00 ms.
Invoked RoslynAnalysisRunner static constructor.
RoslynAnalysisRunner will not be running.
RoslynAnalysisRunner has terminated.
Mono: successfully reloaded assembly
- Completed reload, in  1.605 seconds
Platform modules already initialized, skipping
Registering precompiled user dll's ...
Registered in 0.000831 seconds.
Begin MonoManager ReloadAssembly
Native extension for WindowsStandalone target not found
Native extension for WebGL target not found
Refreshing native plugins compatible for Editor in 0.23 ms, found 0 plugins.
Preloading 0 native plugins for Editor in 0.00 ms.
Invoked RoslynAnalysisRunner static constructor.
RoslynAnalysisRunner will not be running.
RoslynAnalysisRunner has terminated.
Mono: successfully reloaded assembly
- Completed reload, in  0.806 seconds
Platform modules already initialized, skipping
========================================================================
Worker process is ready to serve import requests
Launched and connected shader compiler UnityShaderCompiler.exe after 0.04 seconds
Refreshing native plugins compatible for Editor in 0.26 ms, found 0 plugins.
Preloading 0 native plugins for Editor in 0.00 ms.
Unloading 1448 Unused Serialized files (Serialized files now loaded: 0)
System memory in use before: 72.1 MB.
System memory in use after: 72.2 MB.

Unloading 66 unused Assets to reduce memory usage. Loaded Objects now: 1887.
Total: 1.896200 ms (FindLiveObjects: 0.219500 ms CreateObjectMapping: 0.047800 ms MarkObjects: 1.492800 ms  DeleteObjects: 0.135400 ms)

========================================================================
Received Import Request.
  path: Assets/Models/Prefabs
  artifactKey: Guid(a8eb669fba5599d41a6c0cf4a2c56fa5) Importer(815301076,1909f56bfc062723c751e8b465ee728b)
Start importing Assets/Models/Prefabs using Guid(a8eb669fba5599d41a6c0cf4a2c56fa5) Importer(815301076,1909f56bfc062723c751e8b465ee728b)  -> (artifact id: 'fa3c1eb9ccb6fd44d73e5caf6ad5af85') in 0.010244 seconds
  Import took 0.012867 seconds .

========================================================================
Received Prepare
Registering precompiled user dll's ...
Registered in 0.000785 seconds.
Begin MonoManager ReloadAssembly
Native extension for WindowsStandalone target not found
Native extension for WebGL target not found
Refreshing native plugins compatible for Editor in 0.23 ms, found 0 plugins.
Preloading 0 native plugins for Editor in 0.00 ms.
Invoked RoslynAnalysisRunner static constructor.
RoslynAnalysisRunner will not be running.
RoslynAnalysisRunner has terminated.
Mono: successfully reloaded assembly
- Completed reload, in  0.731 seconds
Platform modules already initialized, skipping
Refreshing native plugins compatible for Editor in 0.22 ms, found 0 plugins.
Preloading 0 native plugins for Editor in 0.00 ms.
Unloading 1416 Unused Serialized files (Serialized files now loaded: 0)
System memory in use before: 70.5 MB.
System memory in use after: 70.6 MB.

Unloading 61 unused Assets to reduce memory usage. Loaded Objects now: 1889.
Total: 1.886400 ms (FindLiveObjects: 0.142800 ms CreateObjectMapping: 0.044600 ms MarkObjects: 1.627700 ms  DeleteObjects: 0.070400 ms)

========================================================================
Received Import Request.
  Time since last request: 308.744865 seconds.
  path: Assets/Textures/Gun.png
  artifactKey: Guid(3a3344975f6d95c49868c660657628c4) Importer(815301076,1909f56bfc062723c751e8b465ee728b)
Start importing Assets/Textures/Gun.png using Guid(3a3344975f6d95c49868c660657628c4) Importer(815301076,1909f56bfc062723c751e8b465ee728b)  -> (artifact id: 'abbbe1b5b0cda0ce20250dcbfd5b0d55') in 0.066280 seconds
  Import took 0.068735 seconds .

========================================================================
Received Import Request.
  Time since last request: 0.000237 seconds.
  path: Assets/Textures/CrosshairUI.png
  artifactKey: Guid(19576188a1766e74994af824befbeed7) Importer(815301076,1909f56bfc062723c751e8b465ee728b)
Start importing Assets/Textures/CrosshairUI.png using Guid(19576188a1766e74994af824befbeed7) Importer(815301076,1909f56bfc062723c751e8b465ee728b)  -> (artifact id: '7ad1a2038808c28f7a4cd5aaafd1e152') in 0.052067 seconds
  Import took 0.054496 seconds .

========================================================================
Received Import Request.
  Time since last request: 3.650146 seconds.
  path: Assets/Models/FBX/Gun.fbx
  artifactKey: Guid(152a099cf8c3ac34ba153fa8d17a0713) Importer(815301076,1909f56bfc062723c751e8b465ee728b)
Start importing Assets/Models/FBX/Gun.fbx using Guid(152a099cf8c3ac34ba153fa8d17a0713) Importer(815301076,1909f56bfc062723c751e8b465ee728b)  -> (artifact id: '0c8938890dbe0b774e56151957459f4c') in 0.124941 seconds
  Import took 0.127717 seconds .

========================================================================
Received Import Request.
  Time since last request: 81.870353 seconds.
  path: Assets/Materials/Gun.mat
  artifactKey: Guid(82ea8bf539870314db98dcf07b52d9c7) Importer(815301076,1909f56bfc062723c751e8b465ee728b)
Start importing Assets/Materials/Gun.mat using Guid(82ea8bf539870314db98dcf07b52d9c7) Importer(815301076,1909f56bfc062723c751e8b465ee728b)  -> (artifact id: '0bcd1ca3912aa63968052e7e588e4f9a') in 0.020901 seconds
  Import took 0.023062 seconds .

========================================================================
Received Import Request.
  Time since last request: 0.000233 seconds.
  path: Assets/Materials/Level 1.mat
  artifactKey: Guid(3d95daedabd88d649bd68f5dcbec2c66) Importer(815301076,1909f56bfc062723c751e8b465ee728b)
Start importing Assets/Materials/Level 1.mat using Guid(3d95daedabd88d649bd68f5dcbec2c66) Importer(815301076,1909f56bfc062723c751e8b465ee728b)  -> (artifact id: 'b439174a6e1103f857929ffc6b50112f') in 0.023776 seconds
  Import took 0.025731 seconds .

========================================================================
Received Import Request.
  Time since last request: 0.000208 seconds.
  path: Assets/Materials/Level.mat
  artifactKey: Guid(f5b6f0d69c98a254b9d9bdda25f7c982) Importer(815301076,1909f56bfc062723c751e8b465ee728b)
Start importing Assets/Materials/Level.mat using Guid(f5b6f0d69c98a254b9d9bdda25f7c982) Importer(815301076,1909f56bfc062723c751e8b465ee728b)  -> (artifact id: 'a43bbb58408ba76c6e0bed1a662e5b7a') in 0.023116 seconds
  Import took 0.025462 seconds .

========================================================================
Received Import Request.
  Time since last request: 0.000182 seconds.
  path: Assets/Materials/Target.mat
  artifactKey: Guid(9670da9e686969e42bf0bf28d788c24d) Importer(815301076,1909f56bfc062723c751e8b465ee728b)
Start importing Assets/Materials/Target.mat using Guid(9670da9e686969e42bf0bf28d788c24d) Importer(815301076,1909f56bfc062723c751e8b465ee728b)  -> (artifact id: '5de94989979db07d1b6691ebabc63651') in 0.022643 seconds
  Import took 0.024888 seconds .

========================================================================
Received Import Request.
  Time since last request: 8.478655 seconds.
  path: Assets/Animations/GunAC.controller
  artifactKey: Guid(cc11c8ec776c82442b98d3588c13c9b8) Importer(815301076,1909f56bfc062723c751e8b465ee728b)
Start importing Assets/Animations/GunAC.controller using Guid(cc11c8ec776c82442b98d3588c13c9b8) Importer(815301076,1909f56bfc062723c751e8b465ee728b)  -> (artifact id: 'b02fe0a945fe1bc5cf2427e814822add') in 0.013610 seconds
  Import took 0.016302 seconds .

AssetImportWorkerClient::OnTransportError - code=2 error=End of file
